888  [background-preinit] INFO  o.h.validator.internal.util.Version
                – HV000001: Hibernate Validator 6.1.7.Final
903  [main] INFO  app.Application.Application
                – Starting Application using Java 11.0.10 on Frischmann-PC with PID 13996 (C:\Users\frisc\GoogleDrive\Study\JavaPatterns\Практическая работа №24\build\classes\java\main started by frisc in C:\Users\frisc\GoogleDrive\Study\JavaPatterns\Практическая работа №24)
903  [main] INFO  app.Application.Application
                – No active profile set, falling back to default profiles: default
1466 [background-preinit] WARN  o.s.h.c.j.Jackson2ObjectMapperBuilder
                – For Jackson Kotlin classes support please add "com.fasterxml.jackson.module:jackson-module-kotlin" to the classpath
1778 [main] INFO  o.s.d.r.c.RepositoryConfigurationDelegate
                – Bootstrapping Spring Data JPA repositories in DEFAULT mode.
1857 [main] INFO  o.s.d.r.c.RepositoryConfigurationDelegate
                – Finished Spring Data repository scanning in 65 ms. Found 2 JPA repository interfaces.
3138 [main] INFO  o.s.b.w.e.tomcat.TomcatWebServer
                – Tomcat initialized with port(s): 8081 (http)
3153 [main] INFO  o.a.coyote.http11.Http11NioProtocol
                – Initializing ProtocolHandler ["http-nio-8081"]
3153 [main] INFO  o.a.catalina.core.StandardService
                – Starting service [Tomcat]
3153 [main] INFO  o.a.catalina.core.StandardEngine
                – Starting Servlet engine: [Apache Tomcat/9.0.44]
3341 [main] INFO  o.a.c.c.C.[Tomcat].[localhost].[/]
                – Initializing Spring embedded WebApplicationContext
3341 [main] INFO  o.s.b.w.s.c.ServletWebServerApplicationContext
                – Root WebApplicationContext: initialization completed in 2375 ms
3544 [main] INFO  o.h.jpa.internal.util.LogHelper
                – HHH000204: Processing PersistenceUnitInfo [name: default]
3623 [main] INFO  org.hibernate.Version
                – HHH000412: Hibernate ORM core version 5.4.29.Final
3780 [main] INFO  o.h.annotations.common.Version
                – HCANN000001: Hibernate Commons Annotations {5.1.2.Final}
3920 [main] INFO  com.zaxxer.hikari.HikariDataSource
                – HikariPool-1 - Starting...
4139 [main] INFO  com.zaxxer.hikari.HikariDataSource
                – HikariPool-1 - Start completed.
4155 [main] INFO  org.hibernate.dialect.Dialect
                – HHH000400: Using dialect: org.hibernate.dialect.PostgreSQL95Dialect
5325 [main] INFO  o.h.e.t.j.p.i.JtaPlatformInitiator
                – HHH000490: Using JtaPlatform implementation: [org.hibernate.engine.transaction.jta.platform.internal.NoJtaPlatform]
5341 [main] INFO  o.s.o.j.LocalContainerEntityManagerFactoryBean
                – Initialized JPA EntityManagerFactory for persistence unit 'default'
5419 [main] WARN  o.s.b.a.o.j.JpaBaseConfiguration$JpaWebConfiguration
                – spring.jpa.open-in-view is enabled by default. Therefore, database queries may be performed during view rendering. Explicitly configure spring.jpa.open-in-view to disable this warning
5966 [main] INFO  o.s.s.w.DefaultSecurityFilterChain
                – Will secure any request with [org.springframework.security.web.context.request.async.WebAsyncManagerIntegrationFilter@267b678f, org.springframework.security.web.context.SecurityContextPersistenceFilter@125a8ab6, org.springframework.security.web.header.HeaderWriterFilter@38c1b1a7, org.springframework.security.web.csrf.CsrfFilter@7d60bd5a, org.springframework.security.web.authentication.logout.LogoutFilter@56adbb07, org.springframework.security.web.authentication.UsernamePasswordAuthenticationFilter@15c3585, org.springframework.security.web.authentication.ui.DefaultLoginPageGeneratingFilter@322eb1a, org.springframework.security.web.authentication.ui.DefaultLogoutPageGeneratingFilter@4803bf73, org.springframework.security.web.authentication.www.BasicAuthenticationFilter@5f14590c, org.springframework.security.web.savedrequest.RequestCacheAwareFilter@cbc3bf3, org.springframework.security.web.servletapi.SecurityContextHolderAwareRequestFilter@533e8807, org.springframework.security.web.authentication.AnonymousAuthenticationFilter@13731ff4, org.springframework.security.web.session.SessionManagementFilter@10bcbbce, org.springframework.security.web.access.ExceptionTranslationFilter@34f8ce89, org.springframework.security.web.access.intercept.FilterSecurityInterceptor@752ffce3]
5966 [main] INFO  o.s.s.w.DefaultSecurityFilterChain
                – Will secure any request with [org.springframework.security.web.context.request.async.WebAsyncManagerIntegrationFilter@4e7151b3, org.springframework.security.web.context.SecurityContextPersistenceFilter@75507e68, org.springframework.security.web.header.HeaderWriterFilter@31de8099, org.springframework.security.web.authentication.logout.LogoutFilter@64921450, org.springframework.security.web.authentication.UsernamePasswordAuthenticationFilter@f13e0a2, org.springframework.security.web.savedrequest.RequestCacheAwareFilter@152d2a58, org.springframework.security.web.servletapi.SecurityContextHolderAwareRequestFilter@50b2ba2c, org.springframework.security.web.authentication.rememberme.RememberMeAuthenticationFilter@32f45e15, org.springframework.security.web.authentication.AnonymousAuthenticationFilter@5ef7ae2f, org.springframework.security.web.session.SessionManagementFilter@40d04cf8, org.springframework.security.web.access.ExceptionTranslationFilter@5d67bf4d, org.springframework.security.web.access.intercept.FilterSecurityInterceptor@15fd3088]
6107 [main] INFO  o.s.s.c.ThreadPoolTaskExecutor
                – Initializing ExecutorService 'applicationTaskExecutor'
6341 [main] INFO  o.a.coyote.http11.Http11NioProtocol
                – Starting ProtocolHandler ["http-nio-8081"]
6357 [main] INFO  o.s.b.w.e.tomcat.TomcatWebServer
                – Tomcat started on port(s): 8081 (http) with context path ''
6357 [main] INFO  app.Application.Application
                – Started Application in 5.964 seconds (JVM running for 7.547)
